** Message: environement.vala:58: Exporting primary_variable
** Message: environement.vala:59: desktop_environnement XDG_CURRENT_DESKTOP
** Message: environement.vala:150: confir_dirs is null, export : /etc/xdg
** Message: environement.vala:184: Exporting XDG_CONFIG_DIRS
** Message: environement.vala:218: custom_data :
** Message: environement.vala:219: data_dirs :/usr/local/share:/usr/share/raspi-ui-overrides:/usr/share:/usr/share/gdm:/var/lib/menu-xdg
** Message: environement.vala:220: data_dirs not null, export : /usr/local/share:/usr/share/raspi-ui-overrides:/usr/share:/usr/share/gdm:/var/lib/menu-xdg
** Message: environement.vala:225: Exporting XDG_DATA_DIRS
** Message: utils.vala:68: User config used : /home/pi/.config/lxsession/LXDE-pi/desktop.conf
** Message: utils.vala:89: Final file used : /home/pi/.config/lxsession/LXDE-pi/desktop.conf
** Message: settings.vala:540: Key file does not have key 'iGtk/ColorScheme' in group 'GTK'
** Message: settings.vala:540: Key file does not have key 'windows_manager/command' in group 'Session'
** Message: settings.vala:540: Key file does not have key 'panel/command' in group 'Session'
** Message: settings.vala:540: Key file does not have key 'dock/command' in group 'Session'
** Message: settings.vala:540: Key file does not have key 'file_manager/command' in group 'Session'
** Message: settings.vala:540: Key file does not have key 'desktop_manager/command' in group 'Session'
** Message: settings.vala:540: Key file does not have key 'launcher_manager/autostart' in group 'Session'
** Message: settings.vala:540: Key file does not have key 'composite_manager/command' in group 'Session'
** Message: settings.vala:540: Key file does not have key 'im1/command' in group 'Session'
** Message: settings.vala:540: Key file does not have key 'im2/command' in group 'Session'
** Message: settings.vala:540: Key file does not have key 'widget1/command' in group 'Session'
** Message: settings.vala:540: Key file does not have key 'notification/command' in group 'Session'
** Message: settings.vala:540: Key file does not have key 'keybindings/command' in group 'Session'
** Message: settings.vala:540: Key file does not have key 'im_manager/command' in group 'Session'
** Message: settings.vala:540: Key file does not have key 'screensaver/command' in group 'Session'
** Message: settings.vala:540: Key file does not have key 'power_manager/command' in group 'Session'
** Message: settings.vala:540: Key file does not have key 'audio_manager/command' in group 'Session'
** Message: settings.vala:540: Key file does not have key 'workspace_manager/command' in group 'Session'
** Message: settings.vala:540: Key file does not have key 'screenshot_manager/command' in group 'Session'
** Message: settings.vala:540: Key file does not have key 'message_manager/command' in group 'Session'
** Message: settings.vala:540: Key file does not have key 'upgrade_manager/command' in group 'Session'
** Message: settings.vala:540: Key file does not have key 'updates_manager/command' in group 'Session'
** Message: settings.vala:540: Key file does not have key 'updates_manager/timeout' in group 'Session'
** Message: settings.vala:540: Key file does not have key 'crash_manager/command' in group 'Session'
** Message: settings.vala:540: Key file does not have key 'crash_manager/dev_mode' in group 'Session'
** Message: settings.vala:540: Key file does not have key 'crash_manager/timeout' in group 'Session'
** Message: settings.vala:540: Key file does not have key 'upstart_user_session' in group 'Session'
** Message: settings.vala:540: Key file does not have key 'proxy_manager/http' in group 'Session'
** Message: settings.vala:540: Key file does not have key 'a11y/command' in group 'Session'
** Message: settings.vala:540: Key file does not have key 'xrandr/command' in group 'Session'
** Message: settings.vala:540: Key file does not have key 'network_gui/command' in group 'Session'
** Message: settings.vala:540: Key file does not have key 'webbrowser/command' in group 'Session'
** Message: settings.vala:540: Key file does not have key 'email/command' in group 'Session'
** Message: settings.vala:540: Key file does not have key 'pdf_reader/command' in group 'Session'
** Message: settings.vala:540: Key file does not have key 'video_player/command' in group 'Session'
** Message: settings.vala:540: Key file does not have key 'audio_player/command' in group 'Session'
** Message: settings.vala:540: Key file does not have key 'images_display/command' in group 'Session'
** Message: settings.vala:540: Key file does not have key 'text_editor/command' in group 'Session'
** Message: settings.vala:540: Key file does not have key 'archive/command' in group 'Session'
** Message: settings.vala:540: Key file does not have key 'charmap/command' in group 'Session'
** Message: settings.vala:540: Key file does not have key 'calculator/command' in group 'Session'
** Message: settings.vala:540: Key file does not have key 'spreadsheet/command' in group 'Session'
** Message: settings.vala:540: Key file does not have key 'bittorent/command' in group 'Session'
** Message: settings.vala:540: Key file does not have key 'document/command' in group 'Session'
** Message: settings.vala:540: Key file does not have key 'webcam/command' in group 'Session'
** Message: settings.vala:540: Key file does not have key 'burn/command' in group 'Session'
** Message: settings.vala:540: Key file does not have key 'notes/command' in group 'Session'
** Message: settings.vala:540: Key file does not have key 'disk_utility/command' in group 'Session'
** Message: settings.vala:540: Key file does not have key 'tasks/command' in group 'Session'
** Message: settings.vala:540: Key file does not have group 'Keymap'
** Message: settings.vala:540: Key file does not have key 'laptop_mode' in group 'State'
** Message: settings.vala:540: Key file does not have key 'gnome' in group 'Dbus'
** Message: settings.vala:540: Key file does not have key 'type' in group 'Environment'
** Message: settings.vala:540: Key file does not have key 'ubuntu_menuproxy' in group 'Environment'
** Message: settings.vala:540: Key file does not have key 'toolkit_integration' in group 'Environment'
** Message: settings.vala:540: Key file does not have key 'gtk/overlay_scrollbar_disable' in group 'Environment'
** Message: settings.vala:540: Key file does not have key 'qt/force_theme' in group 'Environment'
** Message: settings.vala:540: Key file does not have key 'qt/platform' in group 'Environment'
** Message: settings.vala:462: Monitoring: /home/pi/.config/lxsession/LXDE-pi/desktop.conf
** Message: settings.vala:466: Desktop file is already in config home, do nothing
** Message: environement.vala:79: Exporting variable
** Message: environement.vala:80: desktop_environnement XDG_CURRENT_DESKTOP
** Message: environement.vala:177: custom_config :
** Message: environement.vala:178: config_dirs :/etc/xdg
** Message: environement.vala:179: confir_dirs not null, export : /etc/xdg
** Message: environement.vala:184: Exporting XDG_CONFIG_DIRS
** Message: environement.vala:218: custom_data :
** Message: environement.vala:219: data_dirs :/usr/local/share:/usr/share/raspi-ui-overrides:/usr/share:/usr/share/gdm:/var/lib/menu-xdg
** Message: environement.vala:220: data_dirs not null, export : /usr/local/share:/usr/share/raspi-ui-overrides:/usr/share:/usr/share/gdm:/var/lib/menu-xdg
** Message: environement.vala:225: Exporting XDG_DATA_DIRS
** Message: utils.vala:68: User config used : /home/pi/.config/lxsession/LXDE-pi/desktop.conf
** Message: utils.vala:89: Final file used : /home/pi/.config/lxsession/LXDE-pi/desktop.conf
** Message: environement.vala:254: No entry in [Environment_variable]. Key file does not have group 'Environment_variable'
** Message: utils.vala:79: Config system location : /etc/xdg/lxsession/LXDE-pi
** Message: utils.vala:85: System system path location : /etc/xdg/lxsession/LXDE-pi/conffiles.conf
** Message: utils.vala:89: Final file used : /etc/xdg/lxsession/LXDE-pi/conffiles.conf
** Message: options.vala:164: Activate xsettings_manager build-in
** Message: utils.vala:68: User config used : /home/pi/.config/lxsession/LXDE-pi/desktop.conf
** Message: utils.vala:89: Final file used : /home/pi/.config/lxsession/LXDE-pi/desktop.conf
xprop:  no such property "_NET_NUMBER_OF_DESKTOPS"
xprop:  no such property "_NET_DESKTOP_NAMES"
** Message: app.vala:721: polkit separate
** Message: app.vala:721: polkit separate
** Message: app.vala:76: Launching lxpolkit 
** Message: utils.vala:68: User config used : /home/pi/.config/lxsession/LXDE-pi/autostart
** Message: utils.vala:89: Final file used : /home/pi/.config/lxsession/LXDE-pi/autostart
** Message: autostart.vala:42: Autostart path : /home/pi/.config/lxsession/LXDE-pi/autostart
** Message: app.vala:76: Launching lxpanel 
** Message: app.vala:76: Launching pcmanfm 

** (lxsession:602): WARNING **: app.vala:86: Failed to execute child process "xscreensaver" (No such file or directory)

** (lxsession:602): WARNING **: app.vala:87: Error when launching xscreensaver
** Message: app.vala:76: Launching point-rpi 
** Message: options.vala:107: Create build-in Clipboard
** Message: main.vala:442: Check keymap_mode (null)
** Message: app.vala:76: Launching /usr/bin/ssh-agent 
SSH_AUTH_SOCK=/tmp/ssh-hLIYRZ0hYDYH/agent.710; export SSH_AUTH_SOCK;
SSH_AGENT_PID=712; export SSH_AGENT_PID;
echo Agent pid 712;
** Message: app.vala:130: point-rpi exit with this type of exit: 0
** Message: app.vala:139: Exit normal, don't reload
** Message: app.vala:130: /usr/bin/ssh-agent exit with this type of exit: 0
** Message: x-terminal-emulator has very limited support, consider choose another terminal
** Message: x-terminal-emulator has very limited support, consider choose another terminal
Openbox-Message: Unable to find a valid menu file "/usr/share/lxde/openbox/menu.xml"
** Message: Connecting ...
** Message: Status changed to down

** (lxpanel:702): CRITICAL **: dhcpcd_open: Inappropriate ioctl for device

** (lxpanel:702): WARNING **: volumealsa: Couldn't attach mixer - looking for another valid device

** (lxpanel:702): WARNING **: volumealsa: Default ALSA device not valid - resetting to internal

** (lxpanel:702): WARNING **: volumealsa: Internal device not available - looking for first valid ALSA device...

** (lxpanel:702): WARNING **: volumealsa: No ALSA devices found

** (lxpanel:702): WARNING **: volumealsa: Can't find elements - trying to reset to internal

** (lxpanel:702): WARNING **: volumealsa: Default ALSA device not valid - resetting to internal

** (lxpanel:702): WARNING **: volumealsa: Internal device not available - looking for first valid ALSA device...

** (lxpanel:702): WARNING **: volumealsa: No ALSA devices found
** Message: Status changed to opened
** Message: Connected to dhcpcd-6.10.1
** Message: Status changed to disconnected
** Message: wlan0: Not associated
** Message: usb0: Link is down
** Message: wlan0: WPA status connected
** Message: wlan0: Received scan results
** Message: bt: Name org.bluez owned on DBus
** Message: bt: New agent manager found
** Message: bt: New adapter found
** Message: va: Name org.bluez owned on DBus

** (lxpanel:702): WARNING **: launchbar: application in desktop entry is not valid

** (lxpanel:702): WARNING **: launchbar: application in desktop entry is not valid
** Message: bt: Object manager - object at /org/bluez/hci0 property changed - org.bluez.Adapter1 {'DiscoverableTimeout': <uint32 0>}
** Message: bt: Object manager - object at /org/bluez/hci0 property changed - org.bluez.Adapter1 {'Discoverable': <true>}

** (zenity:724): WARNING **: Error retrieving accessibility bus address: org.freedesktop.DBus.Error.ServiceUnknown: The name org.a11y.Bus was not provided by any .service files
Gtk-Message: GtkDialog mapped without a transient parent. This is discouraged.
** Message: bt: Object manager - object added at path /org/bluez/hci0/dev_B4_F1_DA_98_00_52
** Message: bt: Object manager - object at /org/bluez/hci0 property changed - org.bluez.Adapter1 {'Discoverable': <false>}
** Message: wlan0: Received scan results
** Message: bt: Object manager - interface org.bluez.Network1 added
** Message: bt: Object manager - interface org.bluez.MediaControl1 added
** Message: bt: Object manager - object at /org/bluez/hci0/dev_B4_F1_DA_98_00_52 property changed - org.bluez.Device1 {'Modalias': <'bluetooth:v000Fp1200d1436'>, 'UUIDs': <['00001105-0000-1000-8000-00805f9b34fb', '0000110a-0000-1000-8000-00805f9b34fb', '0000110c-0000-1000-8000-00805f9b34fb', '0000110e-0000-1000-8000-00805f9b34fb', '00001112-0000-1000-8000-00805f9b34fb', '00001115-0000-1000-8000-00805f9b34fb', '00001116-0000-1000-8000-00805f9b34fb', '0000111f-0000-1000-8000-00805f9b34fb', '0000112d-0000-1000-8000-00805f9b34fb', '0000112f-0000-1000-8000-00805f9b34fb', '00001132-0000-1000-8000-00805f9b34fb', '00001200-0000-1000-8000-00805f9b34fb', '00001800-0000-1000-8000-00805f9b34fb', '00001801-0000-1000-8000-00805f9b34fb']>, 'ServicesResolved': <true>, 'Paired': <true>}
** Message: bt: New pairing detected
** Message: wlan0: Received scan results
** Message: wlan0: Associated with joy
** Message: Status changed to connecting
** Message: wlan0: Configured 192.168.86.170/24
** Message: Status changed to connected
** Message: wlan0: Received scan results
** Message: bt: Object manager - object at /org/bluez/hci0/dev_B4_F1_DA_98_00_52 property changed - org.bluez.Device1 {'ServicesResolved': <false>, 'Connected': <false>}
** Message: bt: Object manager - object removed at path /org/bluez/hci0/dev_B4_F1_DA_98_00_52
** Message: wlan0: Received scan results
** Message: wlan0: Received scan results
** Message: wlan0: Received scan results
** Message: wlan0: Received scan results
** Message: wlan0: Received scan results
** Message: wlan0: Received scan results
** Message: wlan0: Received scan results
** Message: wlan0: Received scan results
** Message: wlan0: Received scan results
** Message: wlan0: Received scan results
** Message: wlan0: Received scan results
** Message: wlan0: Received scan results
** Message: wlan0: Received scan results
** Message: wlan0: Received scan results
** Message: wlan0: Received scan results
** Message: wlan0: Received scan results
** Message: wlan0: Received scan results
** Message: wlan0: Received scan results
** Message: wlan0: Received scan results
** Message: wlan0: Received scan results
** Message: wlan0: Received scan results
** Message: wlan0: Received scan results
** Message: wlan0: Received scan results
** Message: wlan0: Received scan results
** Message: wlan0: Received scan results
** Message: wlan0: Received scan results
** Message: wlan0: Received scan results
** Message: wlan0: Received scan results
** Message: wlan0: Received scan results
** Message: wlan0: Received scan results
** Message: wlan0: Received scan results
** Message: wlan0: Received scan results
** Message: wlan0: Received scan results
** Message: wlan0: Received scan results
** Message: wlan0: Received scan results
** Message: wlan0: Received scan results
** Message: wlan0: Received scan results
** Message: wlan0: Received scan results
** Message: wlan0: Received scan results
** Message: wlan0: Received scan results
** Message: wlan0: Received scan results
** Message: wlan0: Received scan results
** Message: wlan0: Received scan results
** Message: wlan0: Received scan results
** Message: wlan0: Received scan results
** Message: wlan0: Received scan results
** Message: wlan0: Received scan results
** Message: wlan0: Received scan results
** Message: wlan0: Received scan results
** Message: wlan0: Received scan results
** Message: wlan0: Received scan results
** Message: wlan0: Received scan results
** Message: wlan0: Received scan results
** Message: wlan0: Received scan results
** Message: wlan0: Received scan results
** Message: wlan0: Received scan results
** Message: wlan0: Received scan results
** Message: wlan0: Received scan results
** Message: wlan0: Received scan results
** Message: wlan0: Received scan results
** Message: wlan0: Received scan results
** Message: wlan0: Received scan results
** Message: wlan0: Received scan results
** Message: wlan0: Received scan results
** Message: wlan0: Received scan results
** Message: wlan0: Received scan results
** Message: wlan0: Received scan results
** Message: wlan0: Received scan results
** Message: wlan0: Received scan results
** Message: wlan0: Received scan results
** Message: wlan0: Received scan results
** Message: wlan0: Received scan results
** Message: wlan0: Received scan results
** Message: wlan0: Received scan results
** Message: wlan0: Received scan results
** Message: wlan0: Received scan results
** Message: wlan0: Received scan results
** Message: wlan0: Received scan results
** Message: wlan0: Received scan results
** Message: wlan0: Received scan results
** Message: wlan0: Received scan results
** Message: wlan0: Received scan results
** Message: wlan0: Received scan results
** Message: wlan0: Received scan results
** Message: wlan0: Received scan results
** Message: wlan0: Received scan results
** Message: wlan0: Received scan results
** Message: wlan0: Received scan results
** Message: wlan0: Received scan results
** Message: wlan0: Received scan results
** Message: wlan0: Received scan results
** Message: wlan0: Received scan results
** Message: wlan0: Received scan results
** Message: wlan0: Received scan results
** Message: wlan0: Received scan results
** Message: wlan0: Received scan results
** Message: wlan0: Received scan results
** Message: wlan0: Received scan results
** Message: wlan0: Received scan results
** Message: wlan0: Received scan results
** Message: wlan0: Received scan results
** Message: wlan0: Received scan results
** Message: wlan0: Received scan results
** Message: wlan0: Received scan results
** Message: wlan0: Received scan results
** Message: wlan0: Received scan results
** Message: wlan0: Received scan results
** Message: wlan0: Received scan results
** Message: wlan0: Received scan results
** Message: wlan0: Received scan results
** Message: wlan0: Received scan results
** Message: wlan0: Received scan results
** Message: wlan0: Received scan results
** Message: wlan0: Received scan results
** Message: wlan0: Received scan results
** Message: wlan0: Received scan results
** Message: wlan0: Received scan results
** Message: wlan0: Received scan results
** Message: wlan0: Received scan results
** Message: wlan0: Received scan results
** Message: wlan0: Received scan results
** Message: wlan0: Received scan results
** Message: wlan0: Received scan results
** Message: wlan0: Received scan results
** Message: wlan0: Received scan results
** Message: wlan0: Received scan results
** Message: wlan0: Received scan results
** Message: wlan0: Received scan results
** Message: wlan0: Received scan results
** Message: wlan0: Received scan results
** Message: wlan0: Received scan results
** Message: wlan0: Received scan results
** Message: wlan0: Received scan results
** Message: wlan0: Received scan results
** Message: wlan0: Received scan results
** Message: wlan0: Received scan results
** Message: wlan0: Received scan results
** Message: wlan0: Received scan results
** Message: wlan0: Received scan results
** Message: wlan0: Received scan results
** Message: wlan0: Received scan results
** Message: wlan0: Received scan results
** Message: wlan0: Received scan results
** Message: wlan0: Received scan results
** Message: wlan0: Received scan results
** Message: wlan0: Received scan results
** Message: wlan0: Received scan results
** Message: wlan0: Received scan results
** Message: wlan0: Received scan results
** Message: wlan0: Received scan results
** Message: wlan0: Received scan results
** Message: wlan0: Received scan results
** Message: wlan0: Received scan results
** Message: wlan0: Received scan results
** Message: wlan0: Received scan results
** Message: wlan0: Received scan results
** Message: wlan0: Received scan results
** Message: wlan0: Received scan results
** Message: wlan0: Received scan results
** Message: wlan0: Received scan results
** Message: wlan0: Received scan results
** Message: wlan0: Received scan results
** Message: wlan0: Received scan results
** Message: wlan0: Received scan results
** Message: wlan0: Received scan results
** Message: wlan0: Received scan results
** Message: wlan0: Received scan results
** Message: wlan0: Received scan results
** Message: wlan0: Received scan results
** Message: wlan0: Received scan results
** Message: wlan0: Received scan results
** Message: wlan0: Received scan results
** Message: wlan0: Received scan results
** Message: wlan0: Received scan results
** Message: wlan0: Received scan results
** Message: wlan0: Received scan results
** Message: wlan0: Received scan results
** Message: wlan0: Received scan results
** Message: wlan0: Received scan results
** Message: wlan0: Received scan results
** Message: wlan0: Received scan results
** Message: wlan0: Received scan results
** Message: wlan0: Received scan results
** Message: wlan0: Received scan results
** Message: wlan0: Received scan results
** Message: wlan0: Received scan results
** Message: wlan0: Received scan results
** Message: wlan0: Received scan results
** Message: wlan0: Received scan results
** Message: wlan0: Received scan results
** Message: wlan0: Received scan results
** Message: wlan0: Received scan results
** Message: wlan0: Received scan results
** Message: wlan0: Received scan results
** Message: wlan0: Received scan results
** Message: wlan0: Received scan results
** Message: wlan0: Received scan results
** Message: wlan0: Received scan results
** Message: wlan0: Received scan results
** Message: wlan0: Received scan results
** Message: wlan0: Received scan results
** Message: wlan0: Received scan results
** Message: wlan0: Received scan results
** Message: wlan0: Received scan results
** Message: wlan0: Received scan results
** Message: wlan0: Received scan results
** Message: wlan0: Received scan results
** Message: wlan0: Received scan results
** Message: wlan0: Received scan results
** Message: wlan0: Received scan results
** Message: wlan0: Received scan results
** Message: wlan0: Received scan results
** Message: wlan0: Received scan results
** Message: wlan0: Received scan results
** Message: wlan0: Received scan results
** Message: wlan0: Received scan results
** Message: wlan0: Received scan results
** Message: wlan0: Received scan results
** Message: wlan0: Received scan results
** Message: wlan0: Received scan results
** Message: wlan0: Received scan results
** Message: wlan0: Received scan results
** Message: wlan0: Received scan results
** Message: wlan0: Received scan results
** Message: wlan0: Received scan results
** Message: wlan0: Received scan results
** Message: wlan0: Received scan results
** Message: wlan0: Received scan results
** Message: wlan0: Received scan results
** Message: wlan0: Received scan results
** Message: wlan0: Received scan results
** Message: wlan0: Received scan results
** Message: wlan0: Received scan results
** Message: wlan0: Received scan results
** Message: wlan0: Received scan results
** Message: wlan0: Received scan results
** Message: wlan0: Received scan results
** Message: wlan0: Received scan results
** Message: wlan0: Received scan results
** Message: wlan0: Received scan results
** Message: wlan0: Received scan results
** Message: wlan0: Received scan results
** Message: wlan0: Received scan results
** Message: wlan0: Received scan results
** Message: wlan0: Received scan results
** Message: wlan0: Received scan results
** Message: wlan0: Received scan results
** Message: wlan0: Received scan results
** Message: wlan0: Received scan results
** Message: wlan0: Received scan results
** Message: wlan0: Received scan results
** Message: wlan0: Received scan results
** Message: wlan0: Received scan results
** Message: wlan0: Received scan results
** Message: wlan0: Received scan results
** Message: wlan0: Received scan results
** Message: wlan0: Received scan results
** Message: wlan0: Received scan results
** Message: wlan0: Received scan results
** Message: wlan0: Received scan results
** Message: wlan0: Received scan results
** Message: wlan0: Received scan results
** Message: wlan0: Received scan results
** Message: wlan0: Received scan results
** Message: wlan0: Received scan results
** Message: wlan0: Received scan results
** Message: wlan0: Received scan results
** Message: wlan0: Received scan results
** Message: wlan0: Received scan results
** Message: wlan0: Received scan results
** Message: wlan0: Received scan results
** Message: wlan0: Received scan results
** Message: wlan0: Received scan results
** Message: wlan0: Received scan results
** Message: wlan0: Received scan results
** Message: wlan0: Received scan results
** Message: wlan0: Received scan results
** Message: wlan0: Received scan results
** Message: wlan0: Received scan results
** Message: wlan0: Received scan results
** Message: wlan0: Received scan results
** Message: wlan0: Received scan results
** Message: wlan0: Received scan results
** Message: wlan0: Received scan results
** Message: wlan0: Received scan results
** Message: wlan0: Received scan results
** Message: wlan0: Received scan results
** Message: wlan0: Received scan results
